<?xml version="1.0" encoding="UTF-8"?>
<!-- Generated by org.testng.reporters.JUnitReportReporter -->
<testsuite hostname="ILPT819" failures="0" tests="4" name="TestCases.NewTest" time="88.143" errors="0" timestamp="2020-11-05T10:13:38 IST" skipped="2">
  <testcase classname="TestCases.NewTest" name="LoginTestCase3" time="44.367"/>
  <system-out/>
  <testcase classname="TestCases.NewTest" name="LoginTestCase4" time="43.776"/>
  <system-out/>
  <testcase classname="TestCases.NewTest" name="LoginTestCase1">
    <skipped/>
  </testcase> <!-- LoginTestCase1 -->
  <system-out/>
  <testcase classname="TestCases.NewTest" name="LoginTestCase2">
    <skipped/>
  </testcase> <!-- LoginTestCase2 -->
  <system-out/>
</testsuite> <!-- TestCases.NewTest -->
