<?xml version="1.0" encoding="UTF-8"?>
<!-- Generated by org.testng.reporters.JUnitReportReporter -->
<testsuite hostname="ILPT819" failures="0" tests="2" name="TestCases.RunTestCases" time="265.443" errors="0" timestamp="2020-11-06T11:30:29 IST" skipped="0">
  <testcase classname="TestCases.RunTestCases" name="LoginTestCase2" time="132.665"/>
  <system-out/>
  <testcase classname="TestCases.RunTestCases" name="LoginTestCase1" time="132.778"/>
  <system-out/>
</testsuite> <!-- TestCases.RunTestCases -->
